0 info it worked if it ends with ok
1 verbose cli [ 'D:\\Program Files\\nodejs\\node.exe',
1 verbose cli   'D:\\Program Files\\nodejs\\node_modules\\npm\\bin\\npm-cli.js',
1 verbose cli   'run',
1 verbose cli   'start' ]
2 info using npm@3.3.12
3 info using node@v5.1.0
4 verbose run-script [ 'prestart', 'start', 'poststart' ]
5 info lifecycle apidocs.meiyou.com@2.0.0~prestart: apidocs.meiyou.com@2.0.0
6 silly lifecycle apidocs.meiyou.com@2.0.0~prestart: no script for prestart, continuing
7 info lifecycle apidocs.meiyou.com@2.0.0~start: apidocs.meiyou.com@2.0.0
8 verbose lifecycle apidocs.meiyou.com@2.0.0~start: unsafe-perm in lifecycle true
9 verbose lifecycle apidocs.meiyou.com@2.0.0~start: PATH: D:\Program Files\nodejs\node_modules\npm\bin\node-gyp-bin;D:\web\doc\node_modules\.bin;C:\Users\Administrator\bin;D:\Program Files\Git\mingw64\bin;D:\Program Files\Git\usr\local\bin;D:\Program Files\Git\usr\bin;D:\Program Files\Git\usr\bin;D:\Program Files\Git\mingw64\bin;D:\Program Files\Git\usr\bin;C:\Users\Administrator\bin;D:\Program Files (x86)\Java\jdk1.6.0_39\bin;C:\Windows\system32;C:\Windows;C:\Windows\System32\Wbem;C:\Windows\System32\WindowsPowerShell\v1.0;D:\Program Files\Git\cmd;C:\Program Files\TortoiseSVN\bin;D:\Program Files\nodejs;D:\HashiCorp\Vagrant\bin;C:\Users\Administrator\AppData\Roaming\npm;D:\Program Files\Git\usr\bin\vendor_perl;D:\Program Files\Git\usr\bin\core_perl
10 verbose lifecycle apidocs.meiyou.com@2.0.0~start: CWD: D:\web\doc
11 silly lifecycle apidocs.meiyou.com@2.0.0~start: Args: [ '/d /s /c', 'supervisor --debug ./bin/www' ]
12 silly lifecycle apidocs.meiyou.com@2.0.0~start: Returned: code: 1  signal: null
13 info lifecycle apidocs.meiyou.com@2.0.0~start: Failed to exec start script
14 verbose stack Error: apidocs.meiyou.com@2.0.0 start: `supervisor --debug ./bin/www`
14 verbose stack Exit status 1
14 verbose stack     at EventEmitter.<anonymous> (D:\Program Files\nodejs\node_modules\npm\lib\utils\lifecycle.js:232:16)
14 verbose stack     at emitTwo (events.js:87:13)
14 verbose stack     at EventEmitter.emit (events.js:172:7)
14 verbose stack     at ChildProcess.<anonymous> (D:\Program Files\nodejs\node_modules\npm\lib\utils\spawn.js:24:14)
14 verbose stack     at emitTwo (events.js:87:13)
14 verbose stack     at ChildProcess.emit (events.js:172:7)
14 verbose stack     at maybeClose (internal/child_process.js:818:16)
14 verbose stack     at Process.ChildProcess._handle.onexit (internal/child_process.js:211:5)
15 verbose pkgid apidocs.meiyou.com@2.0.0
16 verbose cwd D:\web\doc
17 error Windows_NT 6.1.7601
18 error argv "D:\\Program Files\\nodejs\\node.exe" "D:\\Program Files\\nodejs\\node_modules\\npm\\bin\\npm-cli.js" "run" "start"
19 error node v5.1.0
20 error npm  v3.3.12
21 error code ELIFECYCLE
22 error apidocs.meiyou.com@2.0.0 start: `supervisor --debug ./bin/www`
22 error Exit status 1
23 error Failed at the apidocs.meiyou.com@2.0.0 start script 'supervisor --debug ./bin/www'.
23 error Make sure you have the latest version of node.js and npm installed.
23 error If you do, this is most likely a problem with the apidocs.meiyou.com package,
23 error not with npm itself.
23 error Tell the author that this fails on your system:
23 error     supervisor --debug ./bin/www
23 error You can get their info via:
23 error     npm owner ls apidocs.meiyou.com
23 error There is likely additional logging output above.
24 verbose exit [ 1, true ]
